<?xml version="1.0" encoding="UTF-8"?>
<testng-results skipped="0" failed="0" total="26" passed="26">
  <reporter-output>
  </reporter-output>
  <suite name="Default suite" duration-ms="129" started-at="2019-11-26T21:17:37Z" finished-at="2019-11-26T21:17:37Z">
    <groups>
    </groups>
    <test name="Default test" duration-ms="129" started-at="2019-11-26T21:17:37Z" finished-at="2019-11-26T21:17:37Z">
      <class name="ShortestWordTest">
        <test-method status="PASS" signature="multipleWords(java.lang.String)[pri:0, instance:ShortestWordTest@b97c004]" name="multipleWords" duration-ms="52" started-at="2019-11-26T14:17:37Z" data-provider="multipleword" finished-at="2019-11-26T14:17:37Z">
          <params>
            <param index="0">
              <value>
                <![CDATA[Did she go back in time then]]>
              </value>
            </param>
          </params>
          <reporter-output>
          </reporter-output>
        </test-method> <!-- multipleWords -->
        <test-method status="PASS" signature="multipleWords(java.lang.String)[pri:0, instance:ShortestWordTest@b97c004]" name="multipleWords" duration-ms="2" started-at="2019-11-26T14:17:37Z" data-provider="multipleword" finished-at="2019-11-26T14:17:37Z">
          <params>
            <param index="0">
              <value>
                <![CDATA[Somewhere over the Somewhere over the]]>
              </value>
            </param>
          </params>
          <reporter-output>
          </reporter-output>
        </test-method> <!-- multipleWords -->
        <test-method status="PASS" signature="multipleWords(java.lang.String)[pri:0, instance:ShortestWordTest@b97c004]" name="multipleWords" duration-ms="1" started-at="2019-11-26T14:17:37Z" data-provider="multipleword" finished-at="2019-11-26T14:17:37Z">
          <params>
            <param index="0">
              <value>
                <![CDATA[2 2 5 0 10]]>
              </value>
            </param>
          </params>
          <reporter-output>
          </reporter-output>
        </test-method> <!-- multipleWords -->
        <test-method status="PASS" signature="multipleWords(java.lang.String)[pri:0, instance:ShortestWordTest@b97c004]" name="multipleWords" duration-ms="1" started-at="2019-11-26T14:17:37Z" data-provider="multipleword" finished-at="2019-11-26T14:17:37Z">
          <params>
            <param index="0">
              <value>
                <![CDATA[* b .]]>
              </value>
            </param>
          </params>
          <reporter-output>
          </reporter-output>
        </test-method> <!-- multipleWords -->
        <test-method status="PASS" signature="positiveLength(java.lang.String)[pri:0, instance:ShortestWordTest@b97c004]" name="positiveLength" duration-ms="6" started-at="2019-11-26T14:17:37Z" data-provider="positivescenario" finished-at="2019-11-26T14:17:37Z">
          <params>
            <param index="0">
              <value>
                <![CDATA[somewhere over the rainbow]]>
              </value>
            </param>
          </params>
          <reporter-output>
          </reporter-output>
        </test-method> <!-- positiveLength -->
        <test-method status="PASS" signature="positiveLength(java.lang.String)[pri:0, instance:ShortestWordTest@b97c004]" name="positiveLength" duration-ms="1" started-at="2019-11-26T14:17:37Z" data-provider="positivescenario" finished-at="2019-11-26T14:17:37Z">
          <params>
            <param index="0">
              <value>
                <![CDATA[big bank]]>
              </value>
            </param>
          </params>
          <reporter-output>
          </reporter-output>
        </test-method> <!-- positiveLength -->
        <test-method status="PASS" signature="positiveLength(java.lang.String)[pri:0, instance:ShortestWordTest@b97c004]" name="positiveLength" duration-ms="2" started-at="2019-11-26T14:17:37Z" data-provider="positivescenario" finished-at="2019-11-26T14:17:37Z">
          <params>
            <param index="0">
              <value>
                <![CDATA[take]]>
              </value>
            </param>
          </params>
          <reporter-output>
          </reporter-output>
        </test-method> <!-- positiveLength -->
        <test-method status="PASS" signature="positiveLength(java.lang.String)[pri:0, instance:ShortestWordTest@b97c004]" name="positiveLength" duration-ms="1" started-at="2019-11-26T14:17:37Z" data-provider="positivescenario" finished-at="2019-11-26T14:17:37Z">
          <params>
            <param index="0">
              <value>
                <![CDATA[I]]>
              </value>
            </param>
          </params>
          <reporter-output>
          </reporter-output>
        </test-method> <!-- positiveLength -->
        <test-method status="PASS" signature="illegalinput(java.lang.String)[pri:0, instance:ShortestWordTest@b97c004]" name="illegalinput" duration-ms="1" started-at="2019-11-26T14:17:37Z" data-provider="negativescenario2" finished-at="2019-11-26T14:17:37Z">
          <params>
            <param index="0">
              <value>
                <![CDATA[1]]>
              </value>
            </param>
          </params>
          <exception class="java.lang.IllegalArgumentException">
            <message>
              <![CDATA[argument type mismatch]]>
            </message>
            <full-stacktrace>
              <![CDATA[java.lang.IllegalArgumentException: argument type mismatch
	at sun.reflect.NativeMethodAccessorImpl.invoke0(Native Method)
	at sun.reflect.NativeMethodAccessorImpl.invoke(NativeMethodAccessorImpl.java:62)
	at sun.reflect.DelegatingMethodAccessorImpl.invoke(DelegatingMethodAccessorImpl.java:43)
	at java.lang.reflect.Method.invoke(Method.java:498)
	at org.testng.internal.MethodInvocationHelper.invokeMethod(MethodInvocationHelper.java:80)
	at org.testng.internal.Invoker.invokeMethod(Invoker.java:714)
	at org.testng.internal.Invoker.invokeTestMethod(Invoker.java:901)
	at org.testng.internal.Invoker.invokeTestMethods(Invoker.java:1231)
	at org.testng.internal.TestMethodWorker.invokeTestMethods(TestMethodWorker.java:127)
	at org.testng.internal.TestMethodWorker.run(TestMethodWorker.java:111)
	at org.testng.TestRunner.privateRun(TestRunner.java:767)
	at org.testng.TestRunner.run(TestRunner.java:617)
	at org.testng.SuiteRunner.runTest(SuiteRunner.java:334)
	at org.testng.SuiteRunner.runSequentially(SuiteRunner.java:329)
	at org.testng.SuiteRunner.privateRun(SuiteRunner.java:291)
	at org.testng.SuiteRunner.run(SuiteRunner.java:240)
	at org.testng.SuiteRunnerWorker.runSuite(SuiteRunnerWorker.java:52)
	at org.testng.SuiteRunnerWorker.run(SuiteRunnerWorker.java:86)
	at org.testng.TestNG.runSuitesSequentially(TestNG.java:1198)
	at org.testng.TestNG.runSuitesLocally(TestNG.java:1123)
	at org.testng.TestNG.run(TestNG.java:1031)
	at org.testng.remote.AbstractRemoteTestNG.run(AbstractRemoteTestNG.java:114)
	at org.testng.remote.RemoteTestNG.initAndRun(RemoteTestNG.java:251)
	at org.testng.remote.RemoteTestNG.main(RemoteTestNG.java:77)
]]>
            </full-stacktrace>
          </exception> <!-- java.lang.IllegalArgumentException -->
          <reporter-output>
          </reporter-output>
        </test-method> <!-- illegalinput -->
        <test-method status="PASS" signature="illegalinput(java.lang.String)[pri:0, instance:ShortestWordTest@b97c004]" name="illegalinput" duration-ms="0" started-at="2019-11-26T14:17:37Z" data-provider="negativescenario2" finished-at="2019-11-26T14:17:37Z">
          <params>
            <param index="0">
              <value>
                <![CDATA[5.0]]>
              </value>
            </param>
          </params>
          <exception class="java.lang.IllegalArgumentException">
            <message>
              <![CDATA[argument type mismatch]]>
            </message>
            <full-stacktrace>
              <![CDATA[java.lang.IllegalArgumentException: argument type mismatch
	at sun.reflect.NativeMethodAccessorImpl.invoke0(Native Method)
	at sun.reflect.NativeMethodAccessorImpl.invoke(NativeMethodAccessorImpl.java:62)
	at sun.reflect.DelegatingMethodAccessorImpl.invoke(DelegatingMethodAccessorImpl.java:43)
	at java.lang.reflect.Method.invoke(Method.java:498)
	at org.testng.internal.MethodInvocationHelper.invokeMethod(MethodInvocationHelper.java:80)
	at org.testng.internal.Invoker.invokeMethod(Invoker.java:714)
	at org.testng.internal.Invoker.invokeTestMethod(Invoker.java:901)
	at org.testng.internal.Invoker.invokeTestMethods(Invoker.java:1231)
	at org.testng.internal.TestMethodWorker.invokeTestMethods(TestMethodWorker.java:127)
	at org.testng.internal.TestMethodWorker.run(TestMethodWorker.java:111)
	at org.testng.TestRunner.privateRun(TestRunner.java:767)
	at org.testng.TestRunner.run(TestRunner.java:617)
	at org.testng.SuiteRunner.runTest(SuiteRunner.java:334)
	at org.testng.SuiteRunner.runSequentially(SuiteRunner.java:329)
	at org.testng.SuiteRunner.privateRun(SuiteRunner.java:291)
	at org.testng.SuiteRunner.run(SuiteRunner.java:240)
	at org.testng.SuiteRunnerWorker.runSuite(SuiteRunnerWorker.java:52)
	at org.testng.SuiteRunnerWorker.run(SuiteRunnerWorker.java:86)
	at org.testng.TestNG.runSuitesSequentially(TestNG.java:1198)
	at org.testng.TestNG.runSuitesLocally(TestNG.java:1123)
	at org.testng.TestNG.run(TestNG.java:1031)
	at org.testng.remote.AbstractRemoteTestNG.run(AbstractRemoteTestNG.java:114)
	at org.testng.remote.RemoteTestNG.initAndRun(RemoteTestNG.java:251)
	at org.testng.remote.RemoteTestNG.main(RemoteTestNG.java:77)
]]>
            </full-stacktrace>
          </exception> <!-- java.lang.IllegalArgumentException -->
          <reporter-output>
          </reporter-output>
        </test-method> <!-- illegalinput -->
        <test-method status="PASS" signature="illegalinput(java.lang.String)[pri:0, instance:ShortestWordTest@b97c004]" name="illegalinput" duration-ms="1" started-at="2019-11-26T14:17:37Z" data-provider="negativescenario2" finished-at="2019-11-26T14:17:37Z">
          <params>
            <param index="0">
              <value>
                <![CDATA[4.3493446E16]]>
              </value>
            </param>
          </params>
          <exception class="java.lang.IllegalArgumentException">
            <message>
              <![CDATA[argument type mismatch]]>
            </message>
            <full-stacktrace>
              <![CDATA[java.lang.IllegalArgumentException: argument type mismatch
	at sun.reflect.NativeMethodAccessorImpl.invoke0(Native Method)
	at sun.reflect.NativeMethodAccessorImpl.invoke(NativeMethodAccessorImpl.java:62)
	at sun.reflect.DelegatingMethodAccessorImpl.invoke(DelegatingMethodAccessorImpl.java:43)
	at java.lang.reflect.Method.invoke(Method.java:498)
	at org.testng.internal.MethodInvocationHelper.invokeMethod(MethodInvocationHelper.java:80)
	at org.testng.internal.Invoker.invokeMethod(Invoker.java:714)
	at org.testng.internal.Invoker.invokeTestMethod(Invoker.java:901)
	at org.testng.internal.Invoker.invokeTestMethods(Invoker.java:1231)
	at org.testng.internal.TestMethodWorker.invokeTestMethods(TestMethodWorker.java:127)
	at org.testng.internal.TestMethodWorker.run(TestMethodWorker.java:111)
	at org.testng.TestRunner.privateRun(TestRunner.java:767)
	at org.testng.TestRunner.run(TestRunner.java:617)
	at org.testng.SuiteRunner.runTest(SuiteRunner.java:334)
	at org.testng.SuiteRunner.runSequentially(SuiteRunner.java:329)
	at org.testng.SuiteRunner.privateRun(SuiteRunner.java:291)
	at org.testng.SuiteRunner.run(SuiteRunner.java:240)
	at org.testng.SuiteRunnerWorker.runSuite(SuiteRunnerWorker.java:52)
	at org.testng.SuiteRunnerWorker.run(SuiteRunnerWorker.java:86)
	at org.testng.TestNG.runSuitesSequentially(TestNG.java:1198)
	at org.testng.TestNG.runSuitesLocally(TestNG.java:1123)
	at org.testng.TestNG.run(TestNG.java:1031)
	at org.testng.remote.AbstractRemoteTestNG.run(AbstractRemoteTestNG.java:114)
	at org.testng.remote.RemoteTestNG.initAndRun(RemoteTestNG.java:251)
	at org.testng.remote.RemoteTestNG.main(RemoteTestNG.java:77)
]]>
            </full-stacktrace>
          </exception> <!-- java.lang.IllegalArgumentException -->
          <reporter-output>
          </reporter-output>
        </test-method> <!-- illegalinput -->
        <test-method status="PASS" signature="zerowords(java.lang.String)[pri:0, instance:ShortestWordTest@b97c004]" name="zerowords" duration-ms="0" started-at="2019-11-26T14:17:37Z" data-provider="negativescenario" finished-at="2019-11-26T14:17:37Z">
          <params>
            <param index="0">
              <value>
                <![CDATA[]]>
              </value>
            </param>
          </params>
          <exception class="exceptions.NoWordException">
            <full-stacktrace>
              <![CDATA[exceptions.NoWordException
	at Search.findShortestWord(Search.java:43)
	at ShortestWordTest.zerowords(ShortestWordTest.java:42)
	at sun.reflect.NativeMethodAccessorImpl.invoke0(Native Method)
	at sun.reflect.NativeMethodAccessorImpl.invoke(NativeMethodAccessorImpl.java:62)
	at sun.reflect.DelegatingMethodAccessorImpl.invoke(DelegatingMethodAccessorImpl.java:43)
	at java.lang.reflect.Method.invoke(Method.java:498)
	at org.testng.internal.MethodInvocationHelper.invokeMethod(MethodInvocationHelper.java:80)
	at org.testng.internal.Invoker.invokeMethod(Invoker.java:714)
	at org.testng.internal.Invoker.invokeTestMethod(Invoker.java:901)
	at org.testng.internal.Invoker.invokeTestMethods(Invoker.java:1231)
	at org.testng.internal.TestMethodWorker.invokeTestMethods(TestMethodWorker.java:127)
	at org.testng.internal.TestMethodWorker.run(TestMethodWorker.java:111)
	at org.testng.TestRunner.privateRun(TestRunner.java:767)
	at org.testng.TestRunner.run(TestRunner.java:617)
	at org.testng.SuiteRunner.runTest(SuiteRunner.java:334)
	at org.testng.SuiteRunner.runSequentially(SuiteRunner.java:329)
	at org.testng.SuiteRunner.privateRun(SuiteRunner.java:291)
	at org.testng.SuiteRunner.run(SuiteRunner.java:240)
	at org.testng.SuiteRunnerWorker.runSuite(SuiteRunnerWorker.java:52)
	at org.testng.SuiteRunnerWorker.run(SuiteRunnerWorker.java:86)
	at org.testng.TestNG.runSuitesSequentially(TestNG.java:1198)
	at org.testng.TestNG.runSuitesLocally(TestNG.java:1123)
	at org.testng.TestNG.run(TestNG.java:1031)
	at org.testng.remote.AbstractRemoteTestNG.run(AbstractRemoteTestNG.java:114)
	at org.testng.remote.RemoteTestNG.initAndRun(RemoteTestNG.java:251)
	at org.testng.remote.RemoteTestNG.main(RemoteTestNG.java:77)
]]>
            </full-stacktrace>
          </exception> <!-- exceptions.NoWordException -->
          <reporter-output>
          </reporter-output>
        </test-method> <!-- zerowords -->
        <test-method status="PASS" signature="zerowords(java.lang.String)[pri:0, instance:ShortestWordTest@b97c004]" name="zerowords" duration-ms="1" started-at="2019-11-26T14:17:37Z" data-provider="negativescenario" finished-at="2019-11-26T14:17:37Z">
          <params>
            <param index="0">
              <value>
                <![CDATA[      ]]>
              </value>
            </param>
          </params>
          <exception class="exceptions.NoWordException">
            <full-stacktrace>
              <![CDATA[exceptions.NoWordException
	at Search.findShortestWord(Search.java:43)
	at ShortestWordTest.zerowords(ShortestWordTest.java:42)
	at sun.reflect.NativeMethodAccessorImpl.invoke0(Native Method)
	at sun.reflect.NativeMethodAccessorImpl.invoke(NativeMethodAccessorImpl.java:62)
	at sun.reflect.DelegatingMethodAccessorImpl.invoke(DelegatingMethodAccessorImpl.java:43)
	at java.lang.reflect.Method.invoke(Method.java:498)
	at org.testng.internal.MethodInvocationHelper.invokeMethod(MethodInvocationHelper.java:80)
	at org.testng.internal.Invoker.invokeMethod(Invoker.java:714)
	at org.testng.internal.Invoker.invokeTestMethod(Invoker.java:901)
	at org.testng.internal.Invoker.invokeTestMethods(Invoker.java:1231)
	at org.testng.internal.TestMethodWorker.invokeTestMethods(TestMethodWorker.java:127)
	at org.testng.internal.TestMethodWorker.run(TestMethodWorker.java:111)
	at org.testng.TestRunner.privateRun(TestRunner.java:767)
	at org.testng.TestRunner.run(TestRunner.java:617)
	at org.testng.SuiteRunner.runTest(SuiteRunner.java:334)
	at org.testng.SuiteRunner.runSequentially(SuiteRunner.java:329)
	at org.testng.SuiteRunner.privateRun(SuiteRunner.java:291)
	at org.testng.SuiteRunner.run(SuiteRunner.java:240)
	at org.testng.SuiteRunnerWorker.runSuite(SuiteRunnerWorker.java:52)
	at org.testng.SuiteRunnerWorker.run(SuiteRunnerWorker.java:86)
	at org.testng.TestNG.runSuitesSequentially(TestNG.java:1198)
	at org.testng.TestNG.runSuitesLocally(TestNG.java:1123)
	at org.testng.TestNG.run(TestNG.java:1031)
	at org.testng.remote.AbstractRemoteTestNG.run(AbstractRemoteTestNG.java:114)
	at org.testng.remote.RemoteTestNG.initAndRun(RemoteTestNG.java:251)
	at org.testng.remote.RemoteTestNG.main(RemoteTestNG.java:77)
]]>
            </full-stacktrace>
          </exception> <!-- exceptions.NoWordException -->
          <reporter-output>
          </reporter-output>
        </test-method> <!-- zerowords -->
      </class> <!-- ShortestWordTest -->
      <class name="LongestWordTest">
        <test-method status="PASS" signature="setup()[pri:0, instance:LongestWordTest@3c756e4d]" name="setup" is-config="true" duration-ms="7" started-at="2019-11-26T14:17:37Z" finished-at="2019-11-26T14:17:37Z">
          <reporter-output>
          </reporter-output>
        </test-method> <!-- setup -->
        <test-method status="PASS" signature="setup()[pri:0, instance:ShortestWordTest@b97c004]" name="setup" is-config="true" duration-ms="0" started-at="2019-11-26T14:17:37Z" finished-at="2019-11-26T14:17:37Z">
          <reporter-output>
          </reporter-output>
        </test-method> <!-- setup -->
        <test-method status="PASS" signature="multipleWords(java.lang.String)[pri:0, instance:LongestWordTest@3c756e4d]" name="multipleWords" duration-ms="1" started-at="2019-11-26T14:17:37Z" data-provider="multipleword" finished-at="2019-11-26T14:17:37Z">
          <params>
            <param index="0">
              <value>
                <![CDATA[Did she go back in time then]]>
              </value>
            </param>
          </params>
          <reporter-output>
          </reporter-output>
        </test-method> <!-- multipleWords -->
        <test-method status="PASS" signature="multipleWords(java.lang.String)[pri:0, instance:LongestWordTest@3c756e4d]" name="multipleWords" duration-ms="1" started-at="2019-11-26T14:17:37Z" data-provider="multipleword" finished-at="2019-11-26T14:17:37Z">
          <params>
            <param index="0">
              <value>
                <![CDATA[Somewhere over the Somewhere]]>
              </value>
            </param>
          </params>
          <reporter-output>
          </reporter-output>
        </test-method> <!-- multipleWords -->
        <test-method status="PASS" signature="multipleWords(java.lang.String)[pri:0, instance:LongestWordTest@3c756e4d]" name="multipleWords" duration-ms="1" started-at="2019-11-26T14:17:37Z" data-provider="multipleword" finished-at="2019-11-26T14:17:37Z">
          <params>
            <param index="0">
              <value>
                <![CDATA[2 2 5 0 10]]>
              </value>
            </param>
          </params>
          <reporter-output>
          </reporter-output>
        </test-method> <!-- multipleWords -->
        <test-method status="PASS" signature="multipleWords(java.lang.String)[pri:0, instance:LongestWordTest@3c756e4d]" name="multipleWords" duration-ms="1" started-at="2019-11-26T14:17:37Z" data-provider="multipleword" finished-at="2019-11-26T14:17:37Z">
          <params>
            <param index="0">
              <value>
                <![CDATA[* b .]]>
              </value>
            </param>
          </params>
          <reporter-output>
          </reporter-output>
        </test-method> <!-- multipleWords -->
        <test-method status="PASS" signature="positiveLength(java.lang.String)[pri:0, instance:LongestWordTest@3c756e4d]" name="positiveLength" duration-ms="1" started-at="2019-11-26T14:17:37Z" data-provider="positivescenario" finished-at="2019-11-26T14:17:37Z">
          <params>
            <param index="0">
              <value>
                <![CDATA[somewhere over the rainbow]]>
              </value>
            </param>
          </params>
          <reporter-output>
          </reporter-output>
        </test-method> <!-- positiveLength -->
        <test-method status="PASS" signature="positiveLength(java.lang.String)[pri:0, instance:LongestWordTest@3c756e4d]" name="positiveLength" duration-ms="1" started-at="2019-11-26T14:17:37Z" data-provider="positivescenario" finished-at="2019-11-26T14:17:37Z">
          <params>
            <param index="0">
              <value>
                <![CDATA[big bank]]>
              </value>
            </param>
          </params>
          <reporter-output>
          </reporter-output>
        </test-method> <!-- positiveLength -->
        <test-method status="PASS" signature="positiveLength(java.lang.String)[pri:0, instance:LongestWordTest@3c756e4d]" name="positiveLength" duration-ms="1" started-at="2019-11-26T14:17:37Z" data-provider="positivescenario" finished-at="2019-11-26T14:17:37Z">
          <params>
            <param index="0">
              <value>
                <![CDATA[take]]>
              </value>
            </param>
          </params>
          <reporter-output>
          </reporter-output>
        </test-method> <!-- positiveLength -->
        <test-method status="PASS" signature="positiveLength(java.lang.String)[pri:0, instance:LongestWordTest@3c756e4d]" name="positiveLength" duration-ms="1" started-at="2019-11-26T14:17:37Z" data-provider="positivescenario" finished-at="2019-11-26T14:17:37Z">
          <params>
            <param index="0">
              <value>
                <![CDATA[I]]>
              </value>
            </param>
          </params>
          <reporter-output>
          </reporter-output>
        </test-method> <!-- positiveLength -->
        <test-method status="PASS" signature="illegalinput(java.lang.String)[pri:0, instance:LongestWordTest@3c756e4d]" name="illegalinput" duration-ms="1" started-at="2019-11-26T14:17:37Z" data-provider="negativescenario2" finished-at="2019-11-26T14:17:37Z">
          <params>
            <param index="0">
              <value>
                <![CDATA[1]]>
              </value>
            </param>
          </params>
          <exception class="java.lang.IllegalArgumentException">
            <message>
              <![CDATA[argument type mismatch]]>
            </message>
            <full-stacktrace>
              <![CDATA[java.lang.IllegalArgumentException: argument type mismatch
	at sun.reflect.NativeMethodAccessorImpl.invoke0(Native Method)
	at sun.reflect.NativeMethodAccessorImpl.invoke(NativeMethodAccessorImpl.java:62)
	at sun.reflect.DelegatingMethodAccessorImpl.invoke(DelegatingMethodAccessorImpl.java:43)
	at java.lang.reflect.Method.invoke(Method.java:498)
	at org.testng.internal.MethodInvocationHelper.invokeMethod(MethodInvocationHelper.java:80)
	at org.testng.internal.Invoker.invokeMethod(Invoker.java:714)
	at org.testng.internal.Invoker.invokeTestMethod(Invoker.java:901)
	at org.testng.internal.Invoker.invokeTestMethods(Invoker.java:1231)
	at org.testng.internal.TestMethodWorker.invokeTestMethods(TestMethodWorker.java:127)
	at org.testng.internal.TestMethodWorker.run(TestMethodWorker.java:111)
	at org.testng.TestRunner.privateRun(TestRunner.java:767)
	at org.testng.TestRunner.run(TestRunner.java:617)
	at org.testng.SuiteRunner.runTest(SuiteRunner.java:334)
	at org.testng.SuiteRunner.runSequentially(SuiteRunner.java:329)
	at org.testng.SuiteRunner.privateRun(SuiteRunner.java:291)
	at org.testng.SuiteRunner.run(SuiteRunner.java:240)
	at org.testng.SuiteRunnerWorker.runSuite(SuiteRunnerWorker.java:52)
	at org.testng.SuiteRunnerWorker.run(SuiteRunnerWorker.java:86)
	at org.testng.TestNG.runSuitesSequentially(TestNG.java:1198)
	at org.testng.TestNG.runSuitesLocally(TestNG.java:1123)
	at org.testng.TestNG.run(TestNG.java:1031)
	at org.testng.remote.AbstractRemoteTestNG.run(AbstractRemoteTestNG.java:114)
	at org.testng.remote.RemoteTestNG.initAndRun(RemoteTestNG.java:251)
	at org.testng.remote.RemoteTestNG.main(RemoteTestNG.java:77)
]]>
            </full-stacktrace>
          </exception> <!-- java.lang.IllegalArgumentException -->
          <reporter-output>
          </reporter-output>
        </test-method> <!-- illegalinput -->
        <test-method status="PASS" signature="illegalinput(java.lang.String)[pri:0, instance:LongestWordTest@3c756e4d]" name="illegalinput" duration-ms="1" started-at="2019-11-26T14:17:37Z" data-provider="negativescenario2" finished-at="2019-11-26T14:17:37Z">
          <params>
            <param index="0">
              <value>
                <![CDATA[5.0]]>
              </value>
            </param>
          </params>
          <exception class="java.lang.IllegalArgumentException">
            <message>
              <![CDATA[argument type mismatch]]>
            </message>
            <full-stacktrace>
              <![CDATA[java.lang.IllegalArgumentException: argument type mismatch
	at sun.reflect.NativeMethodAccessorImpl.invoke0(Native Method)
	at sun.reflect.NativeMethodAccessorImpl.invoke(NativeMethodAccessorImpl.java:62)
	at sun.reflect.DelegatingMethodAccessorImpl.invoke(DelegatingMethodAccessorImpl.java:43)
	at java.lang.reflect.Method.invoke(Method.java:498)
	at org.testng.internal.MethodInvocationHelper.invokeMethod(MethodInvocationHelper.java:80)
	at org.testng.internal.Invoker.invokeMethod(Invoker.java:714)
	at org.testng.internal.Invoker.invokeTestMethod(Invoker.java:901)
	at org.testng.internal.Invoker.invokeTestMethods(Invoker.java:1231)
	at org.testng.internal.TestMethodWorker.invokeTestMethods(TestMethodWorker.java:127)
	at org.testng.internal.TestMethodWorker.run(TestMethodWorker.java:111)
	at org.testng.TestRunner.privateRun(TestRunner.java:767)
	at org.testng.TestRunner.run(TestRunner.java:617)
	at org.testng.SuiteRunner.runTest(SuiteRunner.java:334)
	at org.testng.SuiteRunner.runSequentially(SuiteRunner.java:329)
	at org.testng.SuiteRunner.privateRun(SuiteRunner.java:291)
	at org.testng.SuiteRunner.run(SuiteRunner.java:240)
	at org.testng.SuiteRunnerWorker.runSuite(SuiteRunnerWorker.java:52)
	at org.testng.SuiteRunnerWorker.run(SuiteRunnerWorker.java:86)
	at org.testng.TestNG.runSuitesSequentially(TestNG.java:1198)
	at org.testng.TestNG.runSuitesLocally(TestNG.java:1123)
	at org.testng.TestNG.run(TestNG.java:1031)
	at org.testng.remote.AbstractRemoteTestNG.run(AbstractRemoteTestNG.java:114)
	at org.testng.remote.RemoteTestNG.initAndRun(RemoteTestNG.java:251)
	at org.testng.remote.RemoteTestNG.main(RemoteTestNG.java:77)
]]>
            </full-stacktrace>
          </exception> <!-- java.lang.IllegalArgumentException -->
          <reporter-output>
          </reporter-output>
        </test-method> <!-- illegalinput -->
        <test-method status="PASS" signature="illegalinput(java.lang.String)[pri:0, instance:LongestWordTest@3c756e4d]" name="illegalinput" duration-ms="1" started-at="2019-11-26T14:17:37Z" data-provider="negativescenario2" finished-at="2019-11-26T14:17:37Z">
          <params>
            <param index="0">
              <value>
                <![CDATA[4.3493446E16]]>
              </value>
            </param>
          </params>
          <exception class="java.lang.IllegalArgumentException">
            <message>
              <![CDATA[argument type mismatch]]>
            </message>
            <full-stacktrace>
              <![CDATA[java.lang.IllegalArgumentException: argument type mismatch
	at sun.reflect.NativeMethodAccessorImpl.invoke0(Native Method)
	at sun.reflect.NativeMethodAccessorImpl.invoke(NativeMethodAccessorImpl.java:62)
	at sun.reflect.DelegatingMethodAccessorImpl.invoke(DelegatingMethodAccessorImpl.java:43)
	at java.lang.reflect.Method.invoke(Method.java:498)
	at org.testng.internal.MethodInvocationHelper.invokeMethod(MethodInvocationHelper.java:80)
	at org.testng.internal.Invoker.invokeMethod(Invoker.java:714)
	at org.testng.internal.Invoker.invokeTestMethod(Invoker.java:901)
	at org.testng.internal.Invoker.invokeTestMethods(Invoker.java:1231)
	at org.testng.internal.TestMethodWorker.invokeTestMethods(TestMethodWorker.java:127)
	at org.testng.internal.TestMethodWorker.run(TestMethodWorker.java:111)
	at org.testng.TestRunner.privateRun(TestRunner.java:767)
	at org.testng.TestRunner.run(TestRunner.java:617)
	at org.testng.SuiteRunner.runTest(SuiteRunner.java:334)
	at org.testng.SuiteRunner.runSequentially(SuiteRunner.java:329)
	at org.testng.SuiteRunner.privateRun(SuiteRunner.java:291)
	at org.testng.SuiteRunner.run(SuiteRunner.java:240)
	at org.testng.SuiteRunnerWorker.runSuite(SuiteRunnerWorker.java:52)
	at org.testng.SuiteRunnerWorker.run(SuiteRunnerWorker.java:86)
	at org.testng.TestNG.runSuitesSequentially(TestNG.java:1198)
	at org.testng.TestNG.runSuitesLocally(TestNG.java:1123)
	at org.testng.TestNG.run(TestNG.java:1031)
	at org.testng.remote.AbstractRemoteTestNG.run(AbstractRemoteTestNG.java:114)
	at org.testng.remote.RemoteTestNG.initAndRun(RemoteTestNG.java:251)
	at org.testng.remote.RemoteTestNG.main(RemoteTestNG.java:77)
]]>
            </full-stacktrace>
          </exception> <!-- java.lang.IllegalArgumentException -->
          <reporter-output>
          </reporter-output>
        </test-method> <!-- illegalinput -->
        <test-method status="PASS" signature="zerowords(java.lang.String)[pri:0, instance:LongestWordTest@3c756e4d]" name="zerowords" duration-ms="1" started-at="2019-11-26T14:17:37Z" data-provider="negativescenario" finished-at="2019-11-26T14:17:37Z">
          <params>
            <param index="0">
              <value>
                <![CDATA[]]>
              </value>
            </param>
          </params>
          <exception class="exceptions.NoWordException">
            <full-stacktrace>
              <![CDATA[exceptions.NoWordException
	at Search.findLongestWord(Search.java:16)
	at LongestWordTest.zerowords(LongestWordTest.java:47)
	at sun.reflect.NativeMethodAccessorImpl.invoke0(Native Method)
	at sun.reflect.NativeMethodAccessorImpl.invoke(NativeMethodAccessorImpl.java:62)
	at sun.reflect.DelegatingMethodAccessorImpl.invoke(DelegatingMethodAccessorImpl.java:43)
	at java.lang.reflect.Method.invoke(Method.java:498)
	at org.testng.internal.MethodInvocationHelper.invokeMethod(MethodInvocationHelper.java:80)
	at org.testng.internal.Invoker.invokeMethod(Invoker.java:714)
	at org.testng.internal.Invoker.invokeTestMethod(Invoker.java:901)
	at org.testng.internal.Invoker.invokeTestMethods(Invoker.java:1231)
	at org.testng.internal.TestMethodWorker.invokeTestMethods(TestMethodWorker.java:127)
	at org.testng.internal.TestMethodWorker.run(TestMethodWorker.java:111)
	at org.testng.TestRunner.privateRun(TestRunner.java:767)
	at org.testng.TestRunner.run(TestRunner.java:617)
	at org.testng.SuiteRunner.runTest(SuiteRunner.java:334)
	at org.testng.SuiteRunner.runSequentially(SuiteRunner.java:329)
	at org.testng.SuiteRunner.privateRun(SuiteRunner.java:291)
	at org.testng.SuiteRunner.run(SuiteRunner.java:240)
	at org.testng.SuiteRunnerWorker.runSuite(SuiteRunnerWorker.java:52)
	at org.testng.SuiteRunnerWorker.run(SuiteRunnerWorker.java:86)
	at org.testng.TestNG.runSuitesSequentially(TestNG.java:1198)
	at org.testng.TestNG.runSuitesLocally(TestNG.java:1123)
	at org.testng.TestNG.run(TestNG.java:1031)
	at org.testng.remote.AbstractRemoteTestNG.run(AbstractRemoteTestNG.java:114)
	at org.testng.remote.RemoteTestNG.initAndRun(RemoteTestNG.java:251)
	at org.testng.remote.RemoteTestNG.main(RemoteTestNG.java:77)
]]>
            </full-stacktrace>
          </exception> <!-- exceptions.NoWordException -->
          <reporter-output>
          </reporter-output>
        </test-method> <!-- zerowords -->
        <test-method status="PASS" signature="zerowords(java.lang.String)[pri:0, instance:LongestWordTest@3c756e4d]" name="zerowords" duration-ms="1" started-at="2019-11-26T14:17:37Z" data-provider="negativescenario" finished-at="2019-11-26T14:17:37Z">
          <params>
            <param index="0">
              <value>
                <![CDATA[      ]]>
              </value>
            </param>
          </params>
          <exception class="exceptions.NoWordException">
            <full-stacktrace>
              <![CDATA[exceptions.NoWordException
	at Search.findLongestWord(Search.java:16)
	at LongestWordTest.zerowords(LongestWordTest.java:47)
	at sun.reflect.NativeMethodAccessorImpl.invoke0(Native Method)
	at sun.reflect.NativeMethodAccessorImpl.invoke(NativeMethodAccessorImpl.java:62)
	at sun.reflect.DelegatingMethodAccessorImpl.invoke(DelegatingMethodAccessorImpl.java:43)
	at java.lang.reflect.Method.invoke(Method.java:498)
	at org.testng.internal.MethodInvocationHelper.invokeMethod(MethodInvocationHelper.java:80)
	at org.testng.internal.Invoker.invokeMethod(Invoker.java:714)
	at org.testng.internal.Invoker.invokeTestMethod(Invoker.java:901)
	at org.testng.internal.Invoker.invokeTestMethods(Invoker.java:1231)
	at org.testng.internal.TestMethodWorker.invokeTestMethods(TestMethodWorker.java:127)
	at org.testng.internal.TestMethodWorker.run(TestMethodWorker.java:111)
	at org.testng.TestRunner.privateRun(TestRunner.java:767)
	at org.testng.TestRunner.run(TestRunner.java:617)
	at org.testng.SuiteRunner.runTest(SuiteRunner.java:334)
	at org.testng.SuiteRunner.runSequentially(SuiteRunner.java:329)
	at org.testng.SuiteRunner.privateRun(SuiteRunner.java:291)
	at org.testng.SuiteRunner.run(SuiteRunner.java:240)
	at org.testng.SuiteRunnerWorker.runSuite(SuiteRunnerWorker.java:52)
	at org.testng.SuiteRunnerWorker.run(SuiteRunnerWorker.java:86)
	at org.testng.TestNG.runSuitesSequentially(TestNG.java:1198)
	at org.testng.TestNG.runSuitesLocally(TestNG.java:1123)
	at org.testng.TestNG.run(TestNG.java:1031)
	at org.testng.remote.AbstractRemoteTestNG.run(AbstractRemoteTestNG.java:114)
	at org.testng.remote.RemoteTestNG.initAndRun(RemoteTestNG.java:251)
	at org.testng.remote.RemoteTestNG.main(RemoteTestNG.java:77)
]]>
            </full-stacktrace>
          </exception> <!-- exceptions.NoWordException -->
          <reporter-output>
          </reporter-output>
        </test-method> <!-- zerowords -->
        <test-method status="PASS" signature="teardown()[pri:0, instance:ShortestWordTest@b97c004]" name="teardown" is-config="true" duration-ms="0" started-at="2019-11-26T14:17:37Z" finished-at="2019-11-26T14:17:37Z">
          <reporter-output>
          </reporter-output>
        </test-method> <!-- teardown -->
        <test-method status="PASS" signature="teardown()[pri:0, instance:LongestWordTest@3c756e4d]" name="teardown" is-config="true" duration-ms="0" started-at="2019-11-26T14:17:37Z" finished-at="2019-11-26T14:17:37Z">
          <reporter-output>
          </reporter-output>
        </test-method> <!-- teardown -->
      </class> <!-- LongestWordTest -->
    </test> <!-- Default test -->
  </suite> <!-- Default suite -->
</testng-results>
